[debug] [2019-07-18T02:40:43.726Z] ----------------------------------------------------------------------
[debug] [2019-07-18T02:40:43.728Z] Command:       C:\Program Files\nodejs\node.exe C:\Users\ployu\AppData\Roaming\npm\node_modules\firebase-tools\lib\bin\firebase.js deploy --only functions:Chatbot
[debug] [2019-07-18T02:40:43.729Z] CLI Version:   7.1.0
[debug] [2019-07-18T02:40:43.729Z] Platform:      win32
[debug] [2019-07-18T02:40:43.729Z] Node Version:  v10.16.0
[debug] [2019-07-18T02:40:43.729Z] Time:          Thu Jul 18 2019 09:40:43 GMT+0700 (Indochina Time)
[debug] [2019-07-18T02:40:43.729Z] ----------------------------------------------------------------------
[debug] 
[debug] [2019-07-18T02:40:43.738Z] > command requires scopes: ["email","openid","https://www.googleapis.com/auth/cloudplatformprojects.readonly","https://www.googleapis.com/auth/firebase","https://www.googleapis.com/auth/cloud-platform"]
[debug] [2019-07-18T02:40:43.738Z] > authorizing via signed-in user
[debug] [2019-07-18T02:40:43.739Z] [iam] checking project memo-chatbot for permissions ["cloudfunctions.functions.create","cloudfunctions.functions.delete","cloudfunctions.functions.get","cloudfunctions.functions.list","cloudfunctions.functions.update","cloudfunctions.operations.get","firebase.projects.get"]
[debug] [2019-07-18T02:40:43.740Z] >>> HTTP REQUEST POST https://cloudresourcemanager.googleapis.com/v1/projects/memo-chatbot:testIamPermissions  

[debug] [2019-07-18T02:40:45.143Z] <<< HTTP RESPONSE 200
[info] 
[info] === Deploying to 'memo-chatbot'...
[info] 
[info] i  deploying functions
[info] Running command: npm --prefix "$RESOURCE_DIR" run lint
[info] +  functions: Finished running predeploy script.
[debug] [2019-07-18T02:40:50.111Z] > [functions] package.json contents: {
  "name": "functions",
  "description": "Cloud Functions for Firebase",
  "scripts": {
    "lint": "eslint .",
    "serve": "firebase serve --only functions",
    "shell": "firebase functions:shell",
    "start": "npm run shell",
    "deploy": "firebase deploy --only functions",
    "logs": "firebase functions:log"
  },
  "engines": {
    "node": "8"
  },
  "dependencies": {
    "@line/bot-sdk": "^6.7.1",
    "firebase-admin": "^8.0.0",
    "firebase-functions": "^3.0.0",
    "moment": "^2.24.0",
    "request": "^2.88.0",
    "request-promise": "^4.2.4"
  },
  "devDependencies": {
    "eslint": "^5.12.0",
    "eslint-plugin-promise": "^4.0.1",
    "firebase-functions-test": "^0.1.6",
    "jsdoc": "^3.6.2"
  },
  "private": true
}
[info] i  functions: ensuring necessary APIs are enabled...
[debug] [2019-07-18T02:40:50.113Z] >>> HTTP REQUEST GET https://serviceusage.googleapis.com/v1/projects/memo-chatbot/services/cloudfunctions.googleapis.com  
 
[debug] [2019-07-18T02:40:50.114Z] >>> HTTP REQUEST GET https://serviceusage.googleapis.com/v1/projects/memo-chatbot/services/runtimeconfig.googleapis.com  
 
[debug] [2019-07-18T02:40:51.711Z] <<< HTTP RESPONSE 200
[debug] [2019-07-18T02:40:51.765Z] <<< HTTP RESPONSE 200
[info] +  functions: all necessary APIs are enabled
[debug] [2019-07-18T02:40:51.767Z] >>> HTTP REQUEST GET https://firebase.googleapis.com/v1beta1/projects/memo-chatbot/adminSdkConfig  
 
[debug] [2019-07-18T02:40:52.126Z] <<< HTTP RESPONSE 200
[info] i  functions: preparing functions directory for uploading...
[debug] [2019-07-18T02:40:52.136Z] >>> HTTP REQUEST GET https://runtimeconfig.googleapis.com/v1beta1/projects/memo-chatbot/configs  
 
[debug] [2019-07-18T02:40:52.545Z] <<< HTTP RESPONSE 200
[info] i  functions: packaged functions (71.29 KB) for uploading
[debug] [2019-07-18T02:40:53.335Z] >>> HTTP REQUEST POST https://cloudfunctions.googleapis.com/v1/projects/memo-chatbot/locations/us-central1/functions:generateUploadUrl  
 
[debug] [2019-07-18T02:40:54.124Z] <<< HTTP RESPONSE 200
[debug] [2019-07-18T02:40:54.125Z] >>> HTTP REQUEST PUT https://storage.googleapis.com/gcf-upload-us-central1-500cf2d5-e66d-4325-88c5-a29e3c3acadd/b207ddf0-f833-4252-9ab8-d97164226c9b.zip?GoogleAccessId=service-1021071669137@gcf-admin-robot.iam.gserviceaccount.com&Expires=1563419454&Signature=rRYiF9XXeSntvphJOw7cqt%2FfqlbbAj1FM8DkebM%2BX3FWZJ7GGMq7FePRueNZrfYWIVeKML8jAUBXtxkiO%2Bl3H08PhiD4PyhvcgF60sZdY4b73uIHKAP5W69GsIr6wpTxGUeecAscaqTeCYV4Bu1WffviRsd%2FKXyS%2FyscaYYe1tgyGsIj78BqnogcGMXlvVchmLhZGu1HTr65Qtoe0GWewOOChJQwFa6nQMY4YB8Gry6clAPqty2aBEPC95dElVMp5xCt0WfrtAtqMts%2BN1q29UgbyNE7NvWPzBOk%2BrdhGFhY222bl6S7hLeKZS%2FJoutoz2DWKa%2FKfiAfPGQ9YgUSXw%3D%3D  
 <request body omitted>
[debug] [2019-07-18T02:40:55.320Z] <<< HTTP RESPONSE 200
[info] +  functions: functions folder uploaded successfully
[debug] [2019-07-18T02:40:55.325Z] >>> HTTP REQUEST GET https://cloudfunctions.googleapis.com/v1/projects/memo-chatbot/locations/-/functions  
 
[debug] [2019-07-18T02:40:56.061Z] <<< HTTP RESPONSE 200
[debug] [2019-07-18T02:40:56.064Z] > [functions] filtering triggers to: [
  "projects/memo-chatbot/locations/asia-east2/functions/Chatbot"
]
[info] i  functions: current functions in project: Chatbot(asia-east2), CronEndpoint(asia-east2), DataAPI(asia-east2)
[info] i  functions: uploading functions in project: Chatbot(asia-east2)
[info] i  functions: updating Node.js 8 function Chatbot(asia-east2)...
[debug] [2019-07-18T02:40:56.078Z] Trigger is:  {"httpsTrigger":{}}
[debug] [2019-07-18T02:40:56.081Z] >>> HTTP REQUEST GET https://serviceusage.googleapis.com/v1/projects/memo-chatbot/services/cloudscheduler.googleapis.com  
 
[debug] [2019-07-18T02:40:57.579Z] <<< HTTP RESPONSE 200
[info] +  scheduler: all necessary APIs are enabled
[debug] [2019-07-18T02:40:57.586Z] >>> HTTP REQUEST PATCH https://cloudfunctions.googleapis.com/v1/projects/memo-chatbot/locations/asia-east2/functions/Chatbot {"updateMask":"sourceUploadUrl,name,labels,runtime,httpsTrigger"} 

[debug] [2019-07-18T02:40:58.243Z] <<< HTTP RESPONSE 200
[debug] [2019-07-18T02:40:58.248Z] >>> HTTP REQUEST GET https://cloudfunctions.googleapis.com/v1/projects/memo-chatbot/locations/-/functions  
 
[debug] [2019-07-18T02:40:58.981Z] <<< HTTP RESPONSE 200
[debug] [2019-07-18T02:40:58.983Z] >>> HTTP REQUEST GET https://cloudfunctions.googleapis.com/v1/operations/bWVtby1jaGF0Ym90L2FzaWEtZWFzdDIvQ2hhdGJvdC9yZm1Hek9VOWZWWQ  
 
[debug] [2019-07-18T02:40:59.447Z] <<< HTTP RESPONSE 200
[debug] [2019-07-18T02:41:01.452Z] >>> HTTP REQUEST GET https://cloudfunctions.googleapis.com/v1/operations/bWVtby1jaGF0Ym90L2FzaWEtZWFzdDIvQ2hhdGJvdC9yZm1Hek9VOWZWWQ  
 
[debug] [2019-07-18T02:41:01.908Z] <<< HTTP RESPONSE 200
[debug] [2019-07-18T02:41:03.910Z] >>> HTTP REQUEST GET https://cloudfunctions.googleapis.com/v1/operations/bWVtby1jaGF0Ym90L2FzaWEtZWFzdDIvQ2hhdGJvdC9yZm1Hek9VOWZWWQ  
 
[debug] [2019-07-18T02:41:04.386Z] <<< HTTP RESPONSE 200
[debug] [2019-07-18T02:41:06.387Z] >>> HTTP REQUEST GET https://cloudfunctions.googleapis.com/v1/operations/bWVtby1jaGF0Ym90L2FzaWEtZWFzdDIvQ2hhdGJvdC9yZm1Hek9VOWZWWQ  
 
[debug] [2019-07-18T02:41:06.855Z] <<< HTTP RESPONSE 200
[debug] [2019-07-18T02:41:08.856Z] >>> HTTP REQUEST GET https://cloudfunctions.googleapis.com/v1/operations/bWVtby1jaGF0Ym90L2FzaWEtZWFzdDIvQ2hhdGJvdC9yZm1Hek9VOWZWWQ  
 
[debug] [2019-07-18T02:41:09.329Z] <<< HTTP RESPONSE 200
[debug] [2019-07-18T02:41:11.330Z] >>> HTTP REQUEST GET https://cloudfunctions.googleapis.com/v1/operations/bWVtby1jaGF0Ym90L2FzaWEtZWFzdDIvQ2hhdGJvdC9yZm1Hek9VOWZWWQ  
 
[debug] [2019-07-18T02:41:11.795Z] <<< HTTP RESPONSE 200
